<?xml version="1.0" encoding="UTF-8"?>
<!-- Generated by org.testng.reporters.JUnitReportReporter -->
<testsuite hostname="Deepika" failures="0" tests="3" name="tests.AikenFishTest" time="322.706" errors="0" timestamp="2024-08-31T07:22:32 UTC" skipped="0">
  <testcase classname="tests.AikenFishTest" name="homebase" time="107.304"/>
  <testcase classname="tests.AikenFishTest" name="homebase" time="105.496"/>
  <testcase classname="tests.AikenFishTest" name="homebase" time="109.906"/>
</testsuite> <!-- tests.AikenFishTest -->
