<?xml version="1.0" encoding="UTF-8"?>
<!-- Generated by org.testng.reporters.JUnitReportReporter -->
<testsuite hostname="Deepika" failures="0" tests="1" name="tests.change" time="7.180" errors="0" timestamp="2024-08-20T05:29:41 UTC" skipped="0">
  <testcase classname="tests.change" name="homebase" time="7.180"/>
</testsuite> <!-- tests.change -->
