<?xml version="1.0" encoding="UTF-8"?>
<!-- Generated by org.testng.reporters.JUnitReportReporter -->
<testsuite hostname="Deepika" failures="0" tests="1" name="tests.CollegetownLabor" time="159.732" errors="0" timestamp="2024-07-18T07:35:43 UTC" skipped="0">
  <testcase classname="tests.CollegetownLabor" name="heartlandPos2" time="159.732"/>
  <system-out/>
</testsuite> <!-- tests.CollegetownLabor -->
