<?xml version="1.0" encoding="UTF-8"?>
<!-- Generated by org.testng.reporters.JUnitReportReporter -->
<testsuite hostname="Deepika" failures="0" tests="1" name="tests.scarlettbegoniaTest" time="0.000" errors="0" timestamp="2024-04-18T07:24:31 UTC" skipped="1">
  <testcase classname="tests.scarlettbegoniaTest" name="heartlandPos1" time="0.000">
    <skipped/>
  </testcase> <!-- heartlandPos1 -->
  <system-out/>
</testsuite> <!-- tests.scarlettbegoniaTest -->
