<?xml version="1.0" encoding="UTF-8"?>
<!-- Generated by org.testng.reporters.JUnitReportReporter -->
<testsuite hostname="Deepika" failures="0" tests="1" name="tests.BrinkTestProvo" time="94.221" errors="0" timestamp="2025-02-24T15:50:43 IST" skipped="0">
  <testcase classname="tests.BrinkTestProvo" name="homebase" time="94.221"/>
</testsuite> <!-- tests.BrinkTestProvo -->
