<?xml version="1.0" encoding="UTF-8"?>
<!-- Generated by org.testng.reporters.JUnitReportReporter -->
<testsuite hostname="Deepika" failures="0" tests="1" name="tests.ScarlettRecheck" time="497.666" errors="0" timestamp="2024-07-30T12:24:06 UTC" skipped="0">
  <testcase classname="tests.ScarlettRecheck" name="heartlandPos1" time="497.666"/>
  <system-out/>
</testsuite> <!-- tests.ScarlettRecheck -->
