<?xml version="1.0" encoding="UTF-8"?>
<!-- Generated by org.testng.reporters.JUnitReportReporter -->
<testsuite hostname="Deepika" failures="0" tests="1" name="tests.BrinkTest" time="92.259" errors="0" timestamp="2025-02-24T15:52:51 IST" skipped="0">
  <testcase classname="tests.BrinkTest" name="homebase" time="92.259"/>
</testsuite> <!-- tests.BrinkTest -->
