<?xml version="1.0" encoding="UTF-8"?>
<!-- Generated by org.testng.reporters.JUnitReportReporter -->
<testsuite hostname="Deepika" failures="0" tests="3" name="tests.BrinkTwoTest" time="321.845" errors="0" timestamp="2025-02-08T11:12:22 IST" skipped="0">
  <testcase classname="tests.BrinkTwoTest" name="homebase" time="125.084"/>
  <testcase classname="tests.BrinkTwoTest" name="homebase" time="103.211"/>
  <testcase classname="tests.BrinkTwoTest" name="homebase" time="93.550"/>
</testsuite> <!-- tests.BrinkTwoTest -->
