<?xml version="1.0" encoding="UTF-8"?>
<!-- Generated by org.testng.reporters.JUnitReportReporter -->
<testsuite hostname="Jetz" failures="0" tests="6" name="tests.Heartland_POsTest" time="277.967" errors="0" timestamp="2023-07-22T11:24:54 IST" skipped="0">
  <testcase classname="tests.Heartland_POsTest" name="heartlandPos1" time="44.790"/>
  <system-out/>
  <testcase classname="tests.Heartland_POsTest" name="heartlandPos1" time="44.522"/>
  <system-out/>
  <testcase classname="tests.Heartland_POsTest" name="heartlandPos1" time="45.609"/>
  <system-out/>
  <testcase classname="tests.Heartland_POsTest" name="heartlandPos1" time="53.247"/>
  <system-out/>
  <testcase classname="tests.Heartland_POsTest" name="heartlandPos1" time="45.366"/>
  <system-out/>
  <testcase classname="tests.Heartland_POsTest" name="heartlandPos1" time="44.433"/>
  <system-out/>
</testsuite> <!-- tests.Heartland_POsTest -->
