<?xml version="1.0" encoding="UTF-8"?>
<!-- Generated by org.testng.reporters.JUnitReportReporter -->
<testsuite hostname="Deepika" failures="0" tests="3" name="tests.FourShitTestLabor" time="308.164" errors="0" timestamp="2024-08-26T11:38:25 UTC" skipped="0">
  <testcase classname="tests.FourShitTestLabor" name="homebase" time="122.221"/>
  <testcase classname="tests.FourShitTestLabor" name="homebase" time="98.755"/>
  <testcase classname="tests.FourShitTestLabor" name="homebase" time="87.188"/>
</testsuite> <!-- tests.FourShitTestLabor -->
