<?xml version="1.0" encoding="UTF-8"?>
<!-- Generated by org.testng.reporters.JUnitReportReporter -->
<testsuite hostname="Deepika" failures="0" tests="2" name="tests.BrinkTwoLaborTest" time="125.140" errors="0" timestamp="2024-09-13T07:45:49 UTC" skipped="0">
  <testcase classname="tests.BrinkTwoLaborTest" name="homebase" time="63.195"/>
  <testcase classname="tests.BrinkTwoLaborTest" name="homebase" time="61.945"/>
</testsuite> <!-- tests.BrinkTwoLaborTest -->
