<?xml version="1.0" encoding="UTF-8"?>
<!-- Generated by org.testng.reporters.JUnitReportReporter -->
<testsuite hostname="Deepika" failures="0" tests="3" name="tests.Home_Base_Test_Two" time="502.356" errors="0" timestamp="2024-08-21T10:27:05 UTC" skipped="0">
  <testcase classname="tests.Home_Base_Test_Two" name="homebase" time="141.740"/>
  <testcase classname="tests.Home_Base_Test_Two" name="homebase" time="129.214"/>
  <testcase classname="tests.Home_Base_Test_Two" name="homebase" time="231.402"/>
</testsuite> <!-- tests.Home_Base_Test_Two -->
