<?xml version="1.0" encoding="UTF-8"?>
<!-- Generated by org.testng.reporters.JUnitReportReporter -->
<testsuite hostname="Deepika" failures="0" tests="3" name="tests.Home_Base_Test" time="494.184" errors="0" timestamp="2024-08-20T13:12:19 UTC" skipped="0">
  <testcase classname="tests.Home_Base_Test" name="homebase" time="187.582"/>
  <testcase classname="tests.Home_Base_Test" name="homebase" time="153.259"/>
  <testcase classname="tests.Home_Base_Test" name="homebase" time="153.343"/>
</testsuite> <!-- tests.Home_Base_Test -->
