<?xml version="1.0" encoding="UTF-8"?>
<!-- Generated by org.testng.reporters.JUnitReportReporter -->
<testsuite hostname="Jetz" failures="0" tests="1" name="tests.PlateIQTest" time="2302.275" errors="0" timestamp="2023-07-06T13:04:52 IST" skipped="0">
  <testcase classname="tests.PlateIQTest" name="plateIQ" time="2302.275"/>
  <system-out/>
</testsuite> <!-- tests.PlateIQTest -->
