<?xml version="1.0" encoding="UTF-8"?>
<!-- Generated by org.testng.reporters.JUnitReportReporter -->
<testsuite hostname="Deepika" failures="0" tests="4" name="tests.FourShitTest" time="248.783" errors="0" timestamp="2024-08-26T11:33:02 UTC" skipped="0">
  <testcase classname="tests.FourShitTest" name="homebase" time="59.855"/>
  <testcase classname="tests.FourShitTest" name="homebase" time="67.935"/>
  <testcase classname="tests.FourShitTest" name="homebase" time="58.883"/>
  <testcase classname="tests.FourShitTest" name="homebase" time="62.110"/>
</testsuite> <!-- tests.FourShitTest -->
