<?xml version="1.0" encoding="UTF-8"?>
<!-- Generated by org.testng.reporters.JUnitReportReporter -->
<testsuite hostname="Deepika" failures="0" tests="1" name="tests.collegeDownRevenueTest" time="196.154" errors="0" timestamp="2024-07-18T06:20:47 UTC" skipped="0">
  <testcase classname="tests.collegeDownRevenueTest" name="heartlandPos1" time="196.154"/>
  <system-out/>
</testsuite> <!-- tests.collegeDownRevenueTest -->
