<?xml version="1.0" encoding="UTF-8"?>
<!-- Generated by org.testng.reporters.JUnitReportReporter -->
<testsuite hostname="Deepika" failures="0" tests="1" name="tests.ScarlettBegoniaDailyTest" time="175.552" errors="0" timestamp="2024-07-26T11:30:22 UTC" skipped="0">
  <testcase classname="tests.ScarlettBegoniaDailyTest" name="heartlandPos1" time="175.552"/>
  <system-out/>
</testsuite> <!-- tests.ScarlettBegoniaDailyTest -->
