<?xml version="1.0" encoding="UTF-8"?>
<!-- Generated by org.testng.reporters.JUnitReportReporter -->
<testsuite hostname="Deepika" failures="0" tests="2" name="tests.TheAigenFishLaborTest" time="329.179" errors="0" timestamp="2024-08-31T08:11:33 UTC" skipped="0">
  <testcase classname="tests.TheAigenFishLaborTest" name="homebase" time="186.475"/>
  <testcase classname="tests.TheAigenFishLaborTest" name="homebase" time="142.704"/>
</testsuite> <!-- tests.TheAigenFishLaborTest -->
