<?xml version="1.0" encoding="UTF-8"?>
<!-- Generated by org.testng.reporters.JUnitReportReporter -->
<testsuite hostname="Jetz" failures="0" tests="1" name="tests.Heartland_POs_DailySummary_Test_Experiment" time="70.875" errors="0" timestamp="2023-10-11T10:07:50 IST" skipped="0">
  <testcase classname="tests.Heartland_POs_DailySummary_Test_Experiment" name="heartlandPos1" time="70.875"/>
  <system-out/>
</testsuite> <!-- tests.Heartland_POs_DailySummary_Test_Experiment -->
