<?xml version="1.0" encoding="UTF-8"?>
<!-- Generated by org.testng.reporters.JUnitReportReporter -->
<testsuite hostname="Deepika" failures="0" tests="9" name="tests.Heartland_POs_Labor_Summary_Test" time="611.073" errors="0" timestamp="2024-04-18T09:40:57 UTC" skipped="0">
  <testcase classname="tests.Heartland_POs_Labor_Summary_Test" name="heartlandPos2" time="92.575"/>
  <system-out/>
  <testcase classname="tests.Heartland_POs_Labor_Summary_Test" name="heartlandPos2" time="89.688"/>
  <system-out/>
  <testcase classname="tests.Heartland_POs_Labor_Summary_Test" name="heartlandPos2" time="92.509"/>
  <system-out/>
  <testcase classname="tests.Heartland_POs_Labor_Summary_Test" name="heartlandPos2" time="38.360"/>
  <system-out/>
  <testcase classname="tests.Heartland_POs_Labor_Summary_Test" name="heartlandPos2" time="52.100"/>
  <system-out/>
  <testcase classname="tests.Heartland_POs_Labor_Summary_Test" name="heartlandPos2" time="47.986"/>
  <system-out/>
  <testcase classname="tests.Heartland_POs_Labor_Summary_Test" name="heartlandPos2" time="94.095"/>
  <system-out/>
  <testcase classname="tests.Heartland_POs_Labor_Summary_Test" name="heartlandPos2" time="54.136"/>
  <system-out/>
  <testcase classname="tests.Heartland_POs_Labor_Summary_Test" name="heartlandPos2" time="49.624"/>
  <system-out/>
</testsuite> <!-- tests.Heartland_POs_Labor_Summary_Test -->
