<?xml version="1.0" encoding="UTF-8"?>
<!-- Generated by org.testng.reporters.JUnitReportReporter -->
<testsuite hostname="Deepika" failures="0" tests="1" name="tests.TheLandingBarTest" time="116.537" errors="0" timestamp="2024-08-31T07:27:24 UTC" skipped="0">
  <testcase classname="tests.TheLandingBarTest" name="homebase" time="116.537"/>
</testsuite> <!-- tests.TheLandingBarTest -->
